This file contains any messages produced by compilers while
running configure, to aid debugging if configure makes a mistake.

It was created by rabbitmq-c configure 0.2.0, which was
generated by GNU Autoconf 2.69.  Invocation command line was

  $ ../../../../modules/afamqp/rabbitmq-c/configure --disable-option-checking --prefix=/home/plagueis/install_afmysql --enable-debug --cache-file=/dev/null --srcdir=../../../../modules/afamqp/rabbitmq-c --disable-shared --enable-static --with-pic

## --------- ##
## Platform. ##
## --------- ##

hostname = r2-d2
uname -m = x86_64
uname -r = 3.5.0-17-generic
uname -s = Linux
uname -v = #28-Ubuntu SMP Tue Oct 9 19:31:23 UTC 2012

/usr/bin/uname -p = unknown
/bin/uname -X     = unknown

/bin/arch              = unknown
/usr/bin/arch -k       = unknown
/usr/convex/getsysinfo = unknown
/usr/bin/hostinfo      = unknown
/bin/machine           = unknown
/usr/bin/oslevel       = unknown
/bin/universe          = unknown

PATH: /usr/local/sbin
PATH: /usr/local/bin
PATH: /usr/sbin
PATH: /usr/bin
PATH: /sbin
PATH: /bin
PATH: /usr/games
PATH: /usr/local/games


## ----------- ##
## Core tests. ##
## ----------- ##

configure:2352: checking for a BSD-compatible install
configure:2420: result: /usr/bin/install -c
configure:2431: checking whether build environment is sane
configure:2481: result: yes
configure:2622: checking for a thread-safe mkdir -p
configure:2661: result: /bin/mkdir -p
configure:2674: checking for gawk
configure:2690: found /usr/bin/gawk
configure:2701: result: gawk
configure:2712: checking whether make sets $(MAKE)
configure:2734: result: yes
configure:2825: checking whether make supports nested variables
configure:2842: result: yes
configure:2866: checking for style of include used by make
configure:2894: result: GNU
configure:2965: checking for gcc
configure:2981: found /usr/bin/gcc
configure:2992: result: gcc
configure:3221: checking for C compiler version
configure:3230: gcc --version >&5
gcc (Ubuntu/Linaro 4.7.2-2ubuntu1) 4.7.2
Copyright (C) 2012 Free Software Foundation, Inc.
This is free software; see the source for copying conditions.  There is NO
warranty; not even for MERCHANTABILITY or FITNESS FOR A PARTICULAR PURPOSE.

configure:3241: $? = 0
configure:3230: gcc -v >&5
Using built-in specs.
COLLECT_GCC=gcc
COLLECT_LTO_WRAPPER=/usr/lib/gcc/x86_64-linux-gnu/4.7/lto-wrapper
Target: x86_64-linux-gnu
Configured with: ../src/configure -v --with-pkgversion='Ubuntu/Linaro 4.7.2-2ubuntu1' --with-bugurl=file:///usr/share/doc/gcc-4.7/README.Bugs --enable-languages=c,c++,go,fortran,objc,obj-c++ --prefix=/usr --program-suffix=-4.7 --enable-shared --enable-linker-build-id --with-system-zlib --libexecdir=/usr/lib --without-included-gettext --enable-threads=posix --with-gxx-include-dir=/usr/include/c++/4.7 --libdir=/usr/lib --enable-nls --with-sysroot=/ --enable-clocale=gnu --enable-libstdcxx-debug --enable-libstdcxx-time=yes --enable-gnu-unique-object --enable-plugin --enable-objc-gc --disable-werror --with-arch-32=i686 --with-tune=generic --enable-checking=release --build=x86_64-linux-gnu --host=x86_64-linux-gnu --target=x86_64-linux-gnu
Thread model: posix
gcc version 4.7.2 (Ubuntu/Linaro 4.7.2-2ubuntu1) 
configure:3241: $? = 0
configure:3230: gcc -V >&5
gcc: error: unrecognized command line option '-V'
gcc: fatal error: no input files
compilation terminated.
configure:3241: $? = 4
configure:3230: gcc -qversion >&5
gcc: error: unrecognized command line option '-qversion'
gcc: fatal error: no input files
compilation terminated.
configure:3241: $? = 4
configure:3261: checking whether the C compiler works
configure:3283: gcc    conftest.c  >&5
configure:3287: $? = 0
configure:3335: result: yes
configure:3338: checking for C compiler default output file name
configure:3340: result: a.out
configure:3346: checking for suffix of executables
configure:3353: gcc -o conftest    conftest.c  >&5
configure:3357: $? = 0
configure:3379: result: 
configure:3401: checking whether we are cross compiling
configure:3409: gcc -o conftest    conftest.c  >&5
configure:3413: $? = 0
configure:3420: ./conftest
configure:3424: $? = 0
configure:3439: result: no
configure:3444: checking for suffix of object files
configure:3466: gcc -c   conftest.c >&5
configure:3470: $? = 0
configure:3491: result: o
configure:3495: checking whether we are using the GNU C compiler
configure:3514: gcc -c   conftest.c >&5
configure:3514: $? = 0
configure:3523: result: yes
configure:3532: checking whether gcc accepts -g
configure:3552: gcc -c -g  conftest.c >&5
configure:3552: $? = 0
configure:3593: result: yes
configure:3610: checking for gcc option to accept ISO C89
configure:3673: gcc  -c -g -O2  conftest.c >&5
configure:3673: $? = 0
configure:3686: result: none needed
configure:3708: checking dependency style of gcc
configure:3819: result: gcc3
configure:3840: checking how to run the C preprocessor
configure:3871: gcc -E  conftest.c
configure:3871: $? = 0
configure:3885: gcc -E  conftest.c
conftest.c:11:28: fatal error: ac_nonexistent.h: No such file or directory
compilation terminated.
configure:3885: $? = 1
configure: failed program was:
| /* confdefs.h */
| #define PACKAGE_NAME "rabbitmq-c"
| #define PACKAGE_TARNAME "librabbitmq"
| #define PACKAGE_VERSION "0.2.0"
| #define PACKAGE_STRING "rabbitmq-c 0.2.0"
| #define PACKAGE_BUGREPORT "https://github.com/alanxz/rabbitmq-c/issues"
| #define PACKAGE_URL "http://www.rabbitmq.com/"
| #define PACKAGE "librabbitmq"
| #define VERSION "0.2.0"
| /* end confdefs.h.  */
| #include <ac_nonexistent.h>
configure:3910: result: gcc -E
configure:3930: gcc -E  conftest.c
configure:3930: $? = 0
configure:3944: gcc -E  conftest.c
conftest.c:11:28: fatal error: ac_nonexistent.h: No such file or directory
compilation terminated.
configure:3944: $? = 1
configure: failed program was:
| /* confdefs.h */
| #define PACKAGE_NAME "rabbitmq-c"
| #define PACKAGE_TARNAME "librabbitmq"
| #define PACKAGE_VERSION "0.2.0"
| #define PACKAGE_STRING "rabbitmq-c 0.2.0"
| #define PACKAGE_BUGREPORT "https://github.com/alanxz/rabbitmq-c/issues"
| #define PACKAGE_URL "http://www.rabbitmq.com/"
| #define PACKAGE "librabbitmq"
| #define VERSION "0.2.0"
| /* end confdefs.h.  */
| #include <ac_nonexistent.h>
configure:3973: checking for grep that handles long lines and -e
configure:4031: result: /bin/grep
configure:4036: checking for egrep
configure:4098: result: /bin/grep -E
configure:4103: checking for ANSI C header files
configure:4123: gcc -c -g -O2  conftest.c >&5
configure:4123: $? = 0
configure:4196: gcc -o conftest -g -O2   conftest.c  >&5
configure:4196: $? = 0
configure:4196: ./conftest
configure:4196: $? = 0
configure:4207: result: yes
configure:4220: checking for sys/types.h
configure:4220: gcc -c -g -O2  conftest.c >&5
configure:4220: $? = 0
configure:4220: result: yes
configure:4220: checking for sys/stat.h
configure:4220: gcc -c -g -O2  conftest.c >&5
configure:4220: $? = 0
configure:4220: result: yes
configure:4220: checking for stdlib.h
configure:4220: gcc -c -g -O2  conftest.c >&5
configure:4220: $? = 0
configure:4220: result: yes
configure:4220: checking for string.h
configure:4220: gcc -c -g -O2  conftest.c >&5
configure:4220: $? = 0
configure:4220: result: yes
configure:4220: checking for memory.h
configure:4220: gcc -c -g -O2  conftest.c >&5
configure:4220: $? = 0
configure:4220: result: yes
configure:4220: checking for strings.h
configure:4220: gcc -c -g -O2  conftest.c >&5
configure:4220: $? = 0
configure:4220: result: yes
configure:4220: checking for inttypes.h
configure:4220: gcc -c -g -O2  conftest.c >&5
configure:4220: $? = 0
configure:4220: result: yes
configure:4220: checking for stdint.h
configure:4220: gcc -c -g -O2  conftest.c >&5
configure:4220: $? = 0
configure:4220: result: yes
configure:4220: checking for unistd.h
configure:4220: gcc -c -g -O2  conftest.c >&5
configure:4220: $? = 0
configure:4220: result: yes
configure:4233: checking minix/config.h usability
configure:4233: gcc -c -g -O2  conftest.c >&5
conftest.c:54:26: fatal error: minix/config.h: No such file or directory
compilation terminated.
configure:4233: $? = 1
configure: failed program was:
| /* confdefs.h */
| #define PACKAGE_NAME "rabbitmq-c"
| #define PACKAGE_TARNAME "librabbitmq"
| #define PACKAGE_VERSION "0.2.0"
| #define PACKAGE_STRING "rabbitmq-c 0.2.0"
| #define PACKAGE_BUGREPORT "https://github.com/alanxz/rabbitmq-c/issues"
| #define PACKAGE_URL "http://www.rabbitmq.com/"
| #define PACKAGE "librabbitmq"
| #define VERSION "0.2.0"
| #define STDC_HEADERS 1
| #define HAVE_SYS_TYPES_H 1
| #define HAVE_SYS_STAT_H 1
| #define HAVE_STDLIB_H 1
| #define HAVE_STRING_H 1
| #define HAVE_MEMORY_H 1
| #define HAVE_STRINGS_H 1
| #define HAVE_INTTYPES_H 1
| #define HAVE_STDINT_H 1
| #define HAVE_UNISTD_H 1
| /* end confdefs.h.  */
| #include <stdio.h>
| #ifdef HAVE_SYS_TYPES_H
| # include <sys/types.h>
| #endif
| #ifdef HAVE_SYS_STAT_H
| # include <sys/stat.h>
| #endif
| #ifdef STDC_HEADERS
| # include <stdlib.h>
| # include <stddef.h>
| #else
| # ifdef HAVE_STDLIB_H
| #  include <stdlib.h>
| # endif
| #endif
| #ifdef HAVE_STRING_H
| # if !defined STDC_HEADERS && defined HAVE_MEMORY_H
| #  include <memory.h>
| # endif
| # include <string.h>
| #endif
| #ifdef HAVE_STRINGS_H
| # include <strings.h>
| #endif
| #ifdef HAVE_INTTYPES_H
| # include <inttypes.h>
| #endif
| #ifdef HAVE_STDINT_H
| # include <stdint.h>
| #endif
| #ifdef HAVE_UNISTD_H
| # include <unistd.h>
| #endif
| #include <minix/config.h>
configure:4233: result: no
configure:4233: checking minix/config.h presence
configure:4233: gcc -E  conftest.c
conftest.c:21:26: fatal error: minix/config.h: No such file or directory
compilation terminated.
configure:4233: $? = 1
configure: failed program was:
| /* confdefs.h */
| #define PACKAGE_NAME "rabbitmq-c"
| #define PACKAGE_TARNAME "librabbitmq"
| #define PACKAGE_VERSION "0.2.0"
| #define PACKAGE_STRING "rabbitmq-c 0.2.0"
| #define PACKAGE_BUGREPORT "https://github.com/alanxz/rabbitmq-c/issues"
| #define PACKAGE_URL "http://www.rabbitmq.com/"
| #define PACKAGE "librabbitmq"
| #define VERSION "0.2.0"
| #define STDC_HEADERS 1
| #define HAVE_SYS_TYPES_H 1
| #define HAVE_SYS_STAT_H 1
| #define HAVE_STDLIB_H 1
| #define HAVE_STRING_H 1
| #define HAVE_MEMORY_H 1
| #define HAVE_STRINGS_H 1
| #define HAVE_INTTYPES_H 1
| #define HAVE_STDINT_H 1
| #define HAVE_UNISTD_H 1
| /* end confdefs.h.  */
| #include <minix/config.h>
configure:4233: result: no
configure:4233: checking for minix/config.h
configure:4233: result: no
configure:4254: checking whether it is safe to define __EXTENSIONS__
configure:4272: gcc -c -g -O2  conftest.c >&5
configure:4272: $? = 0
configure:4279: result: yes
configure:4326: checking build system type
configure:4340: result: x86_64-unknown-linux-gnu
configure:4360: checking host system type
configure:4373: result: x86_64-unknown-linux-gnu
configure:4414: checking how to print strings
configure:4441: result: printf
configure:4462: checking for a sed that does not truncate output
configure:4526: result: /bin/sed
configure:4544: checking for fgrep
configure:4606: result: /bin/grep -F
configure:4641: checking for ld used by gcc
configure:4708: result: /usr/bin/ld
configure:4715: checking if the linker (/usr/bin/ld) is GNU ld
configure:4730: result: yes
configure:4742: checking for BSD- or MS-compatible name lister (nm)
configure:4791: result: /usr/bin/nm -B
configure:4921: checking the name lister (/usr/bin/nm -B) interface
configure:4928: gcc -c -g -O2  conftest.c >&5
configure:4931: /usr/bin/nm -B "conftest.o"
configure:4934: output
0000000000000000 B some_variable
configure:4941: result: BSD nm
configure:4944: checking whether ln -s works
configure:4948: result: yes
configure:4956: checking the maximum length of command line arguments
configure:5086: result: 1572864
configure:5103: checking whether the shell understands some XSI constructs
configure:5113: result: yes
configure:5117: checking whether the shell understands "+="
configure:5123: result: yes
configure:5158: checking how to convert x86_64-unknown-linux-gnu file names to x86_64-unknown-linux-gnu format
configure:5198: result: func_convert_file_noop
configure:5205: checking how to convert x86_64-unknown-linux-gnu file names to toolchain format
configure:5225: result: func_convert_file_noop
configure:5232: checking for /usr/bin/ld option to reload object files
configure:5239: result: -r
configure:5313: checking for objdump
configure:5329: found /usr/bin/objdump
configure:5340: result: objdump
configure:5369: checking how to recognize dependent libraries
configure:5571: result: pass_all
configure:5656: checking for dlltool
configure:5686: result: no
configure:5713: checking how to associate runtime and link libraries
configure:5740: result: printf %s\n
configure:5800: checking for ar
configure:5816: found /usr/bin/ar
configure:5827: result: ar
configure:5864: checking for archiver @FILE support
configure:5881: gcc -c -g -O2  conftest.c >&5
configure:5881: $? = 0
configure:5884: ar cru libconftest.a @conftest.lst >&5
configure:5887: $? = 0
configure:5892: ar cru libconftest.a @conftest.lst >&5
ar: conftest.o: No such file or directory
configure:5895: $? = 1
configure:5907: result: @
configure:5965: checking for strip
configure:5981: found /usr/bin/strip
configure:5992: result: strip
configure:6064: checking for ranlib
configure:6080: found /usr/bin/ranlib
configure:6091: result: ranlib
configure:6193: checking command to parse /usr/bin/nm -B output from gcc object
configure:6313: gcc -c -g -O2  conftest.c >&5
configure:6316: $? = 0
configure:6320: /usr/bin/nm -B conftest.o \| sed -n -e 's/^.*[ ]\([ABCDGIRSTW][ABCDGIRSTW]*\)[ ][ ]*\([_A-Za-z][_A-Za-z0-9]*\)$/\1 \2 \2/p' | sed '/ __gnu_lto/d' \> conftest.nm
configure:6323: $? = 0
configure:6389: gcc -o conftest -g -O2   conftest.c conftstm.o >&5
configure:6392: $? = 0
configure:6430: result: ok
configure:6467: checking for sysroot
configure:6497: result: no
configure:6574: gcc -c -g -O2  conftest.c >&5
configure:6577: $? = 0
configure:6753: checking for mt
configure:6769: found /bin/mt
configure:6780: result: mt
configure:6803: checking if mt is a manifest tool
configure:6809: mt '-?'
configure:6817: result: no
configure:7456: checking for dlfcn.h
configure:7456: gcc -c -g -O2  conftest.c >&5
configure:7456: $? = 0
configure:7456: result: yes
configure:7959: checking for objdir
configure:7974: result: .libs
configure:8245: checking if gcc supports -fno-rtti -fno-exceptions
configure:8263: gcc -c -g -O2  -fno-rtti -fno-exceptions conftest.c >&5
cc1: warning: command line option '-fno-rtti' is valid for C++/ObjC++ but not for C [enabled by default]
configure:8267: $? = 0
configure:8280: result: no
configure:8607: checking for gcc option to produce PIC
configure:8614: result: -fPIC -DPIC
configure:8622: checking if gcc PIC flag -fPIC -DPIC works
configure:8640: gcc -c -g -O2  -fPIC -DPIC -DPIC conftest.c >&5
configure:8644: $? = 0
configure:8657: result: yes
configure:8686: checking if gcc static flag -static works
configure:8714: result: yes
configure:8729: checking if gcc supports -c -o file.o
configure:8750: gcc -c -g -O2  -o out/conftest2.o conftest.c >&5
configure:8754: $? = 0
configure:8776: result: yes
configure:8784: checking if gcc supports -c -o file.o
configure:8831: result: yes
configure:8864: checking whether the gcc linker (/usr/bin/ld -m elf_x86_64) supports shared libraries
configure:10021: result: yes
configure:10261: checking dynamic linker characteristics
configure:10772: gcc -o conftest -g -O2   -Wl,-rpath -Wl,/foo conftest.c  >&5
configure:10772: $? = 0
configure:11006: result: GNU/Linux ld.so
configure:11113: checking how to hardcode library paths into programs
configure:11138: result: immediate
configure:11678: checking whether stripping libraries is possible
configure:11683: result: yes
configure:11718: checking if libtool supports shared libraries
configure:11720: result: yes
configure:11723: checking whether to build shared libraries
configure:11744: result: no
configure:11747: checking whether to build static libraries
configure:11751: result: yes
configure:11790: checking for gcc option to accept ISO C99
configure:11939: gcc  -c -g -O2  conftest.c >&5
conftest.c:78:29: error: expected ';', ',' or ')' before 'text'
conftest.c: In function 'main':
conftest.c:132:18: error: expected '=', ',', ';', 'asm' or '__attribute__' before 'newvar'
conftest.c:132:18: error: 'newvar' undeclared (first use in this function)
conftest.c:132:18: note: each undeclared identifier is reported only once for each function it appears in
conftest.c:142:3: error: 'for' loop initial declarations are only allowed in C99 mode
conftest.c:142:3: note: use option -std=c99 or -std=gnu99 to compile your code
configure:11939: $? = 1
configure: failed program was:
| /* confdefs.h */
| #define PACKAGE_NAME "rabbitmq-c"
| #define PACKAGE_TARNAME "librabbitmq"
| #define PACKAGE_VERSION "0.2.0"
| #define PACKAGE_STRING "rabbitmq-c 0.2.0"
| #define PACKAGE_BUGREPORT "https://github.com/alanxz/rabbitmq-c/issues"
| #define PACKAGE_URL "http://www.rabbitmq.com/"
| #define PACKAGE "librabbitmq"
| #define VERSION "0.2.0"
| #define STDC_HEADERS 1
| #define HAVE_SYS_TYPES_H 1
| #define HAVE_SYS_STAT_H 1
| #define HAVE_STDLIB_H 1
| #define HAVE_STRING_H 1
| #define HAVE_MEMORY_H 1
| #define HAVE_STRINGS_H 1
| #define HAVE_INTTYPES_H 1
| #define HAVE_STDINT_H 1
| #define HAVE_UNISTD_H 1
| #define __EXTENSIONS__ 1
| #define _ALL_SOURCE 1
| #define _GNU_SOURCE 1
| #define _POSIX_PTHREAD_SEMANTICS 1
| #define _TANDEM_SOURCE 1
| #define HAVE_DLFCN_H 1
| #define LT_OBJDIR ".libs/"
| /* end confdefs.h.  */
| #include <stdarg.h>
| #include <stdbool.h>
| #include <stdlib.h>
| #include <wchar.h>
| #include <stdio.h>
| 
| // Check varargs macros.  These examples are taken from C99 6.10.3.5.
| #define debug(...) fprintf (stderr, __VA_ARGS__)
| #define showlist(...) puts (#__VA_ARGS__)
| #define report(test,...) ((test) ? puts (#test) : printf (__VA_ARGS__))
| static void
| test_varargs_macros (void)
| {
|   int x = 1234;
|   int y = 5678;
|   debug ("Flag");
|   debug ("X = %d\n", x);
|   showlist (The first, second, and third items.);
|   report (x>y, "x is %d but y is %d", x, y);
| }
| 
| // Check long long types.
| #define BIG64 18446744073709551615ull
| #define BIG32 4294967295ul
| #define BIG_OK (BIG64 / BIG32 == 4294967297ull && BIG64 % BIG32 == 0)
| #if !BIG_OK
|   your preprocessor is broken;
| #endif
| #if BIG_OK
| #else
|   your preprocessor is broken;
| #endif
| static long long int bignum = -9223372036854775807LL;
| static unsigned long long int ubignum = BIG64;
| 
| struct incomplete_array
| {
|   int datasize;
|   double data[];
| };
| 
| struct named_init {
|   int number;
|   const wchar_t *name;
|   double average;
| };
| 
| typedef const char *ccp;
| 
| static inline int
| test_restrict (ccp restrict text)
| {
|   // See if C++-style comments work.
|   // Iterate through items via the restricted pointer.
|   // Also check for declarations in for loops.
|   for (unsigned int i = 0; *(text+i) != '\0'; ++i)
|     continue;
|   return 0;
| }
| 
| // Check varargs and va_copy.
| static void
| test_varargs (const char *format, ...)
| {
|   va_list args;
|   va_start (args, format);
|   va_list args_copy;
|   va_copy (args_copy, args);
| 
|   const char *str;
|   int number;
|   float fnumber;
| 
|   while (*format)
|     {
|       switch (*format++)
| 	{
| 	case 's': // string
| 	  str = va_arg (args_copy, const char *);
| 	  break;
| 	case 'd': // int
| 	  number = va_arg (args_copy, int);
| 	  break;
| 	case 'f': // float
| 	  fnumber = va_arg (args_copy, double);
| 	  break;
| 	default:
| 	  break;
| 	}
|     }
|   va_end (args_copy);
|   va_end (args);
| }
| 
| int
| main ()
| {
| 
|   // Check bool.
|   _Bool success = false;
| 
|   // Check restrict.
|   if (test_restrict ("String literal") == 0)
|     success = true;
|   char *restrict newvar = "Another string";
| 
|   // Check varargs.
|   test_varargs ("s, d' f .", "string", 65, 34.234);
|   test_varargs_macros ();
| 
|   // Check flexible array members.
|   struct incomplete_array *ia =
|     malloc (sizeof (struct incomplete_array) + (sizeof (double) * 10));
|   ia->datasize = 10;
|   for (int i = 0; i < ia->datasize; ++i)
|     ia->data[i] = i * 1.234;
| 
|   // Check named initializers.
|   struct named_init ni = {
|     .number = 34,
|     .name = L"Test wide string",
|     .average = 543.34343,
|   };
| 
|   ni.number = 58;
| 
|   int dynamic_array[ni.number];
|   dynamic_array[ni.number - 1] = 543;
| 
|   // work around unused variable warnings
|   return (!success || bignum == 0LL || ubignum == 0uLL || newvar[0] == 'x'
| 	  || dynamic_array[ni.number - 1] != 543);
| 
|   ;
|   return 0;
| }
configure:11939: gcc -std=gnu99 -c -g -O2  conftest.c >&5
configure:11939: $? = 0
configure:11959: result: -std=gnu99
configure:11970: checking whether byte ordering is bigendian
configure:11985: gcc -std=gnu99 -c -g -O2  conftest.c >&5
conftest.c:29:9: error: unknown type name 'not'
conftest.c:29:15: error: expected '=', ',', ';', 'asm' or '__attribute__' before 'universal'
conftest.c:29:15: error: unknown type name 'universal'
configure:11985: $? = 1
configure: failed program was:
| /* confdefs.h */
| #define PACKAGE_NAME "rabbitmq-c"
| #define PACKAGE_TARNAME "librabbitmq"
| #define PACKAGE_VERSION "0.2.0"
| #define PACKAGE_STRING "rabbitmq-c 0.2.0"
| #define PACKAGE_BUGREPORT "https://github.com/alanxz/rabbitmq-c/issues"
| #define PACKAGE_URL "http://www.rabbitmq.com/"
| #define PACKAGE "librabbitmq"
| #define VERSION "0.2.0"
| #define STDC_HEADERS 1
| #define HAVE_SYS_TYPES_H 1
| #define HAVE_SYS_STAT_H 1
| #define HAVE_STDLIB_H 1
| #define HAVE_STRING_H 1
| #define HAVE_MEMORY_H 1
| #define HAVE_STRINGS_H 1
| #define HAVE_INTTYPES_H 1
| #define HAVE_STDINT_H 1
| #define HAVE_UNISTD_H 1
| #define __EXTENSIONS__ 1
| #define _ALL_SOURCE 1
| #define _GNU_SOURCE 1
| #define _POSIX_PTHREAD_SEMANTICS 1
| #define _TANDEM_SOURCE 1
| #define HAVE_DLFCN_H 1
| #define LT_OBJDIR ".libs/"
| /* end confdefs.h.  */
| #ifndef __APPLE_CC__
| 	       not a universal capable compiler
| 	     #endif
| 	     typedef int dummy;
| 
configure:12030: gcc -std=gnu99 -c -g -O2  conftest.c >&5
configure:12030: $? = 0
configure:12048: gcc -std=gnu99 -c -g -O2  conftest.c >&5
conftest.c: In function 'main':
conftest.c:35:4: error: unknown type name 'not'
conftest.c:35:12: error: expected '=', ',', ';', 'asm' or '__attribute__' before 'endian'
configure:12048: $? = 1
configure: failed program was:
| /* confdefs.h */
| #define PACKAGE_NAME "rabbitmq-c"
| #define PACKAGE_TARNAME "librabbitmq"
| #define PACKAGE_VERSION "0.2.0"
| #define PACKAGE_STRING "rabbitmq-c 0.2.0"
| #define PACKAGE_BUGREPORT "https://github.com/alanxz/rabbitmq-c/issues"
| #define PACKAGE_URL "http://www.rabbitmq.com/"
| #define PACKAGE "librabbitmq"
| #define VERSION "0.2.0"
| #define STDC_HEADERS 1
| #define HAVE_SYS_TYPES_H 1
| #define HAVE_SYS_STAT_H 1
| #define HAVE_STDLIB_H 1
| #define HAVE_STRING_H 1
| #define HAVE_MEMORY_H 1
| #define HAVE_STRINGS_H 1
| #define HAVE_INTTYPES_H 1
| #define HAVE_STDINT_H 1
| #define HAVE_UNISTD_H 1
| #define __EXTENSIONS__ 1
| #define _ALL_SOURCE 1
| #define _GNU_SOURCE 1
| #define _POSIX_PTHREAD_SEMANTICS 1
| #define _TANDEM_SOURCE 1
| #define HAVE_DLFCN_H 1
| #define LT_OBJDIR ".libs/"
| /* end confdefs.h.  */
| #include <sys/types.h>
| 		#include <sys/param.h>
| 
| int
| main ()
| {
| #if BYTE_ORDER != BIG_ENDIAN
| 		 not big endian
| 		#endif
| 
|   ;
|   return 0;
| }
configure:12176: result: no
configure:12194: checking for inline
configure:12210: gcc -std=gnu99 -c -g -O2  conftest.c >&5
configure:12210: $? = 0
configure:12218: result: inline
configure:12241: checking if compiler accepts '-Wall'
configure:12254: gcc -std=gnu99 -c -Wall -g -O2  conftest.c >&5
configure:12254: $? = 0
configure:12255: result: yes
configure:12278: checking if compiler accepts '-Wextra'
configure:12291: gcc -std=gnu99 -c -Wextra -g -O2 -Wall  conftest.c >&5
configure:12291: $? = 0
configure:12292: result: yes
configure:12315: checking if compiler accepts '-pedantic'
configure:12328: gcc -std=gnu99 -c -pedantic -g -O2 -Wall -Wextra  conftest.c >&5
configure:12328: $? = 0
configure:12329: result: yes
configure:12352: checking if compiler accepts '-Wstrict-prototypes'
configure:12365: gcc -std=gnu99 -c -Wstrict-prototypes -g -O2 -Wall -Wextra -pedantic  conftest.c >&5
conftest.c:30:1: warning: function declaration isn't a prototype [-Wstrict-prototypes]
configure:12365: $? = 0
configure:12366: result: yes
configure:12389: checking if compiler accepts '-Wcast-align'
configure:12402: gcc -std=gnu99 -c -Wcast-align -g -O2 -Wall -Wextra -pedantic -Wstrict-prototypes  conftest.c >&5
conftest.c:30:1: warning: function declaration isn't a prototype [-Wstrict-prototypes]
configure:12402: $? = 0
configure:12403: result: yes
configure:12426: checking if compiler accepts '-fno-common'
configure:12439: gcc -std=gnu99 -c -fno-common -g -O2 -Wall -Wextra -pedantic -Wstrict-prototypes -Wcast-align  conftest.c >&5
conftest.c:30:1: warning: function declaration isn't a prototype [-Wstrict-prototypes]
configure:12439: $? = 0
configure:12440: result: yes
configure:12463: checking if compiler accepts '-fvisibility=hidden'
configure:12476: gcc -std=gnu99 -c -fvisibility=hidden -g -O2 -Wall -Wextra -pedantic -Wstrict-prototypes -Wcast-align -fno-common  conftest.c >&5
conftest.c:30:1: warning: function declaration isn't a prototype [-Wstrict-prototypes]
configure:12476: $? = 0
configure:12477: result: yes
configure:12499: checking if linker accepts '-no-undefined'
configure:12512: gcc -std=gnu99 -o conftest -g -O2 -Wall -Wextra -pedantic -Wstrict-prototypes -Wcast-align -fno-common -fvisibility=hidden  -no-undefined  conftest.c  >&5
gcc: error: unrecognized command line option '-no-undefined'
configure:12512: $? = 1
configure: failed program was:
| /* confdefs.h */
| #define PACKAGE_NAME "rabbitmq-c"
| #define PACKAGE_TARNAME "librabbitmq"
| #define PACKAGE_VERSION "0.2.0"
| #define PACKAGE_STRING "rabbitmq-c 0.2.0"
| #define PACKAGE_BUGREPORT "https://github.com/alanxz/rabbitmq-c/issues"
| #define PACKAGE_URL "http://www.rabbitmq.com/"
| #define PACKAGE "librabbitmq"
| #define VERSION "0.2.0"
| #define STDC_HEADERS 1
| #define HAVE_SYS_TYPES_H 1
| #define HAVE_SYS_STAT_H 1
| #define HAVE_STDLIB_H 1
| #define HAVE_STRING_H 1
| #define HAVE_MEMORY_H 1
| #define HAVE_STRINGS_H 1
| #define HAVE_INTTYPES_H 1
| #define HAVE_STDINT_H 1
| #define HAVE_UNISTD_H 1
| #define __EXTENSIONS__ 1
| #define _ALL_SOURCE 1
| #define _GNU_SOURCE 1
| #define _POSIX_PTHREAD_SEMANTICS 1
| #define _TANDEM_SOURCE 1
| #define HAVE_DLFCN_H 1
| #define LT_OBJDIR ".libs/"
| /* end confdefs.h.  */
| 
| int
| main ()
| {
| 
|   ;
|   return 0;
| }
configure:12518: result: no
configure:12719: checking for a Python interpreter with version >= 2.5
configure:12736: python -c import sys # split strings by '.' and convert to numeric. Append some zeros # because we need at least 4 digits for the hex conversion. # map returns an iterator in Python 3.0 and a list in 2.x minver = list(map(int, '2.5'.split('.'))) + [0, 0, 0] minverhex = 0 # xrange is not present in Python 3.0 and range returns an iterator for i in list(range(0, 4)): minverhex = (minverhex << 8) + minver[i] sys.exit(sys.hexversion < minverhex)
configure:12739: $? = 0
configure:12745: result: python
configure:12753: checking for python
configure:12771: found /usr/bin/python
configure:12783: result: /usr/bin/python
configure:12801: checking for python version
configure:12808: result: 2.7
configure:12820: checking for python platform
configure:12827: result: linux2
configure:12834: checking for python script directory
configure:12862: result: ${prefix}/lib/python2.7/site-packages
configure:12871: checking for python extension module directory
configure:12899: result: ${exec_prefix}/lib/python2.7/site-packages
configure:12919: checking python module: json
configure:12924: result: yes
configure:13059: checking for popt.h
configure:13059: gcc -std=gnu99 -c -g -O2 -Wall -Wextra -pedantic -Wstrict-prototypes -Wcast-align -fno-common -fvisibility=hidden  conftest.c >&5
conftest.c:30:18: fatal error: popt.h: No such file or directory
compilation terminated.
configure:13059: $? = 1
configure: failed program was:
| /* confdefs.h */
| #define PACKAGE_NAME "rabbitmq-c"
| #define PACKAGE_TARNAME "librabbitmq"
| #define PACKAGE_VERSION "0.2.0"
| #define PACKAGE_STRING "rabbitmq-c 0.2.0"
| #define PACKAGE_BUGREPORT "https://github.com/alanxz/rabbitmq-c/issues"
| #define PACKAGE_URL "http://www.rabbitmq.com/"
| #define PACKAGE "librabbitmq"
| #define VERSION "0.2.0"
| #define STDC_HEADERS 1
| #define HAVE_SYS_TYPES_H 1
| #define HAVE_SYS_STAT_H 1
| #define HAVE_STDLIB_H 1
| #define HAVE_STRING_H 1
| #define HAVE_MEMORY_H 1
| #define HAVE_STRINGS_H 1
| #define HAVE_INTTYPES_H 1
| #define HAVE_STDINT_H 1
| #define HAVE_UNISTD_H 1
| #define __EXTENSIONS__ 1
| #define _ALL_SOURCE 1
| #define _GNU_SOURCE 1
| #define _POSIX_PTHREAD_SEMANTICS 1
| #define _TANDEM_SOURCE 1
| #define HAVE_DLFCN_H 1
| #define LT_OBJDIR ".libs/"
| /* end confdefs.h.  */
| 
| 
| #include <popt.h>
configure:13059: result: no
configure:13071: checking for poptGetContext in -lpopt
configure:13096: gcc -std=gnu99 -o conftest -g -O2 -Wall -Wextra -pedantic -Wstrict-prototypes -Wcast-align -fno-common -fvisibility=hidden   conftest.c -lpopt   >&5
conftest.c:35:1: warning: function declaration isn't a prototype [-Wstrict-prototypes]
conftest.c:37:1: warning: function declaration isn't a prototype [-Wstrict-prototypes]
/usr/bin/ld: cannot find -lpopt
collect2: error: ld returned 1 exit status
configure:13096: $? = 1
configure: failed program was:
| /* confdefs.h */
| #define PACKAGE_NAME "rabbitmq-c"
| #define PACKAGE_TARNAME "librabbitmq"
| #define PACKAGE_VERSION "0.2.0"
| #define PACKAGE_STRING "rabbitmq-c 0.2.0"
| #define PACKAGE_BUGREPORT "https://github.com/alanxz/rabbitmq-c/issues"
| #define PACKAGE_URL "http://www.rabbitmq.com/"
| #define PACKAGE "librabbitmq"
| #define VERSION "0.2.0"
| #define STDC_HEADERS 1
| #define HAVE_SYS_TYPES_H 1
| #define HAVE_SYS_STAT_H 1
| #define HAVE_STDLIB_H 1
| #define HAVE_STRING_H 1
| #define HAVE_MEMORY_H 1
| #define HAVE_STRINGS_H 1
| #define HAVE_INTTYPES_H 1
| #define HAVE_STDINT_H 1
| #define HAVE_UNISTD_H 1
| #define __EXTENSIONS__ 1
| #define _ALL_SOURCE 1
| #define _GNU_SOURCE 1
| #define _POSIX_PTHREAD_SEMANTICS 1
| #define _TANDEM_SOURCE 1
| #define HAVE_DLFCN_H 1
| #define LT_OBJDIR ".libs/"
| /* end confdefs.h.  */
| 
| /* Override any GCC internal prototype to avoid an error.
|    Use char because int might match the return type of a GCC
|    builtin and then its argument prototype would still apply.  */
| #ifdef __cplusplus
| extern "C"
| #endif
| char poptGetContext ();
| int
| main ()
| {
| return poptGetContext ();
|   ;
|   return 0;
| }
configure:13105: result: no
configure:13398: creating ./config.status

## ---------------------- ##
## Running config.status. ##
## ---------------------- ##

This file was extended by rabbitmq-c config.status 0.2.0, which was
generated by GNU Autoconf 2.69.  Invocation command line was

  CONFIG_FILES    = 
  CONFIG_HEADERS  = 
  CONFIG_LINKS    = 
  CONFIG_COMMANDS = 
  $ ./config.status 

on r2-d2

config.status:1116: creating librabbitmq.pc
config.status:1116: creating Makefile
config.status:1116: creating config.h
config.status:1330: executing depfiles commands
config.status:1330: executing libtool commands
configure:15638: result:
rabbitmq-c build options:
	Host: x86_64-unknown-linux-gnu
	Version: 0.2.0
	64-bit: no
	Tools: no
	Documentation: no


## ---------------- ##
## Cache variables. ##
## ---------------- ##

ac_cv_build=x86_64-unknown-linux-gnu
ac_cv_c_bigendian=no
ac_cv_c_compiler_gnu=yes
ac_cv_c_inline=inline
ac_cv_env_CC_set=
ac_cv_env_CC_value=
ac_cv_env_CFLAGS_set=
ac_cv_env_CFLAGS_value=
ac_cv_env_CPPFLAGS_set=
ac_cv_env_CPPFLAGS_value=
ac_cv_env_CPP_set=
ac_cv_env_CPP_value=
ac_cv_env_LDFLAGS_set=
ac_cv_env_LDFLAGS_value=
ac_cv_env_LIBS_set=
ac_cv_env_LIBS_value=
ac_cv_env_POPT_CFLAGS_set=
ac_cv_env_POPT_CFLAGS_value=
ac_cv_env_POPT_LIBS_set=
ac_cv_env_POPT_LIBS_value=
ac_cv_env_PYTHON_set=
ac_cv_env_PYTHON_value=
ac_cv_env_XMLTO_set=
ac_cv_env_XMLTO_value=
ac_cv_env_build_alias_set=
ac_cv_env_build_alias_value=
ac_cv_env_host_alias_set=
ac_cv_env_host_alias_value=
ac_cv_env_target_alias_set=
ac_cv_env_target_alias_value=
ac_cv_header_dlfcn_h=yes
ac_cv_header_inttypes_h=yes
ac_cv_header_memory_h=yes
ac_cv_header_minix_config_h=no
ac_cv_header_popt_h=no
ac_cv_header_stdc=yes
ac_cv_header_stdint_h=yes
ac_cv_header_stdlib_h=yes
ac_cv_header_string_h=yes
ac_cv_header_strings_h=yes
ac_cv_header_sys_stat_h=yes
ac_cv_header_sys_types_h=yes
ac_cv_header_unistd_h=yes
ac_cv_host=x86_64-unknown-linux-gnu
ac_cv_lib_popt_poptGetContext=no
ac_cv_objext=o
ac_cv_path_EGREP='/bin/grep -E'
ac_cv_path_FGREP='/bin/grep -F'
ac_cv_path_GREP=/bin/grep
ac_cv_path_PYTHON=/usr/bin/python
ac_cv_path_SED=/bin/sed
ac_cv_path_install='/usr/bin/install -c'
ac_cv_path_mkdir=/bin/mkdir
ac_cv_prog_AWK=gawk
ac_cv_prog_CPP='gcc -E'
ac_cv_prog_ac_ct_AR=ar
ac_cv_prog_ac_ct_CC=gcc
ac_cv_prog_ac_ct_MANIFEST_TOOL=mt
ac_cv_prog_ac_ct_OBJDUMP=objdump
ac_cv_prog_ac_ct_RANLIB=ranlib
ac_cv_prog_ac_ct_STRIP=strip
ac_cv_prog_cc_c89=
ac_cv_prog_cc_c99=-std=gnu99
ac_cv_prog_cc_g=yes
ac_cv_prog_make_make_set=yes
ac_cv_safe_to_define___extensions__=yes
am_cv_CC_dependencies_compiler_type=gcc3
am_cv_make_support_nested_variables=yes
am_cv_pathless_PYTHON=python
am_cv_python_platform=linux2
am_cv_python_pyexecdir='${exec_prefix}/lib/python2.7/site-packages'
am_cv_python_pythondir='${prefix}/lib/python2.7/site-packages'
am_cv_python_version=2.7
ax_cv_have_popt=no
lt_cv_ar_at_file=@
lt_cv_deplibs_check_method=pass_all
lt_cv_file_magic_cmd='$MAGIC_CMD'
lt_cv_file_magic_test_file=
lt_cv_ld_reload_flag=-r
lt_cv_nm_interface='BSD nm'
lt_cv_objdir=.libs
lt_cv_path_LD=/usr/bin/ld
lt_cv_path_NM='/usr/bin/nm -B'
lt_cv_path_mainfest_tool=no
lt_cv_prog_compiler_c_o=yes
lt_cv_prog_compiler_pic='-fPIC -DPIC'
lt_cv_prog_compiler_pic_works=yes
lt_cv_prog_compiler_rtti_exceptions=no
lt_cv_prog_compiler_static_works=yes
lt_cv_prog_gnu_ld=yes
lt_cv_sharedlib_from_linklib_cmd='printf %s\n'
lt_cv_shlibpath_overrides_runpath=no
lt_cv_sys_global_symbol_pipe='sed -n -e '\''s/^.*[	 ]\([ABCDGIRSTW][ABCDGIRSTW]*\)[	 ][	 ]*\([_A-Za-z][_A-Za-z0-9]*\)$/\1 \2 \2/p'\'' | sed '\''/ __gnu_lto/d'\'''
lt_cv_sys_global_symbol_to_c_name_address='sed -n -e '\''s/^: \([^ ]*\)[ ]*$/  {\"\1\", (void *) 0},/p'\'' -e '\''s/^[ABCDGIRSTW]* \([^ ]*\) \([^ ]*\)$/  {"\2", (void *) \&\2},/p'\'''
lt_cv_sys_global_symbol_to_c_name_address_lib_prefix='sed -n -e '\''s/^: \([^ ]*\)[ ]*$/  {\"\1\", (void *) 0},/p'\'' -e '\''s/^[ABCDGIRSTW]* \([^ ]*\) \(lib[^ ]*\)$/  {"\2", (void *) \&\2},/p'\'' -e '\''s/^[ABCDGIRSTW]* \([^ ]*\) \([^ ]*\)$/  {"lib\2", (void *) \&\2},/p'\'''
lt_cv_sys_global_symbol_to_cdecl='sed -n -e '\''s/^T .* \(.*\)$/extern int \1();/p'\'' -e '\''s/^[ABCDGIRSTW]* .* \(.*\)$/extern char \1;/p'\'''
lt_cv_sys_max_cmd_len=1572864
lt_cv_to_host_file_cmd=func_convert_file_noop
lt_cv_to_tool_file_cmd=func_convert_file_noop

## ----------------- ##
## Output variables. ##
## ----------------- ##

ACLOCAL='${SHELL} /home/plagueis/Projects/syslog-ng-3.4/modules/afamqp/rabbitmq-c/missing --run aclocal-1.11'
AMDEPBACKSLASH='\'
AMDEP_FALSE='#'
AMDEP_TRUE=''
AMTAR='$${TAR-tar}'
AM_BACKSLASH='\'
AM_DEFAULT_V='$(AM_DEFAULT_VERBOSITY)'
AM_DEFAULT_VERBOSITY='0'
AM_V='$(V)'
AR='ar'
AS='as'
AUTOCONF='${SHELL} /home/plagueis/Projects/syslog-ng-3.4/modules/afamqp/rabbitmq-c/missing --run autoconf'
AUTOHEADER='${SHELL} /home/plagueis/Projects/syslog-ng-3.4/modules/afamqp/rabbitmq-c/missing --run autoheader'
AUTOMAKE='${SHELL} /home/plagueis/Projects/syslog-ng-3.4/modules/afamqp/rabbitmq-c/missing --run automake-1.11'
AWK='gawk'
CC='gcc -std=gnu99'
CCDEPMODE='depmode=gcc3'
CFLAGS='-g -O2 -Wall -Wextra -pedantic -Wstrict-prototypes -Wcast-align -fno-common -fvisibility=hidden'
CPP='gcc -E'
CPPFLAGS=''
CYGPATH_W='echo'
DEFS='-DHAVE_CONFIG_H'
DEPDIR='.deps'
DLLTOOL='false'
DOCS_FALSE=''
DOCS_TRUE='#'
DSYMUTIL=''
DUMPBIN=''
ECHO_C=''
ECHO_N='-n'
ECHO_T=''
EGREP='/bin/grep -E'
EXEEXT=''
FGREP='/bin/grep -F'
GREP='/bin/grep'
INSTALL_DATA='${INSTALL} -m 644'
INSTALL_PROGRAM='${INSTALL}'
INSTALL_SCRIPT='${INSTALL}'
INSTALL_STRIP_PROGRAM='$(install_sh) -c -s'
LD='/usr/bin/ld -m elf_x86_64'
LDFLAGS=''
LIBOBJS=''
LIBS=''
LIBTOOL='$(SHELL) $(top_builddir)/libtool'
LIPO=''
LN_S='ln -s'
LTLIBOBJS=''
LT_AGE='0'
LT_CURRENT='1'
LT_REVISION='0'
MAKEINFO='${SHELL} /home/plagueis/Projects/syslog-ng-3.4/modules/afamqp/rabbitmq-c/missing --run makeinfo'
MANIFEST_TOOL=':'
MKDIR_P='/bin/mkdir -p'
NM='/usr/bin/nm -B'
NMEDIT=''
NO_UNDEFINED=''
OBJDUMP='objdump'
OBJEXT='o'
OS_UNIX_FALSE='#'
OS_UNIX_TRUE=''
OS_WIN32_FALSE=''
OS_WIN32_TRUE='#'
OTOOL64=''
OTOOL=''
PACKAGE='librabbitmq'
PACKAGE_BUGREPORT='https://github.com/alanxz/rabbitmq-c/issues'
PACKAGE_NAME='rabbitmq-c'
PACKAGE_STRING='rabbitmq-c 0.2.0'
PACKAGE_TARNAME='librabbitmq'
PACKAGE_URL='http://www.rabbitmq.com/'
PACKAGE_VERSION='0.2.0'
PATH_SEPARATOR=':'
POPT_CFLAGS=''
POPT_LIBS=''
PYTHON2TO3=''
PYTHON3_FALSE=''
PYTHON3_TRUE='#'
PYTHON='/usr/bin/python'
PYTHON_EXEC_PREFIX='${exec_prefix}'
PYTHON_PLATFORM='linux2'
PYTHON_PREFIX='${prefix}'
PYTHON_VERSION='2.7'
RANLIB='ranlib'
SED='/bin/sed'
SET_MAKE=''
SHELL='/bin/bash'
STRIP='strip'
TOOLS_FALSE=''
TOOLS_TRUE='#'
VERSION='0.2.0'
XMLTO=''
ac_ct_AR='ar'
ac_ct_CC='gcc'
ac_ct_DUMPBIN=''
am__EXEEXT_FALSE=''
am__EXEEXT_TRUE='#'
am__fastdepCC_FALSE='#'
am__fastdepCC_TRUE=''
am__include='include'
am__isrc=' -I$(srcdir)'
am__leading_dot='.'
am__nodep='_no'
am__quote=''
am__tar='$${TAR-tar} chof - "$$tardir"'
am__untar='$${TAR-tar} xf -'
bindir='${exec_prefix}/bin'
build='x86_64-unknown-linux-gnu'
build_alias=''
build_cpu='x86_64'
build_os='linux-gnu'
build_vendor='unknown'
datadir='${datarootdir}'
datarootdir='${prefix}/share'
docdir='${datarootdir}/doc/${PACKAGE_TARNAME}'
dvidir='${docdir}'
exec_prefix='${prefix}'
host='x86_64-unknown-linux-gnu'
host_alias=''
host_cpu='x86_64'
host_os='linux-gnu'
host_vendor='unknown'
htmldir='${docdir}'
includedir='${prefix}/include'
infodir='${datarootdir}/info'
install_sh='${SHELL} /home/plagueis/Projects/syslog-ng-3.4/modules/afamqp/rabbitmq-c/install-sh'
libdir='${exec_prefix}/lib'
libexecdir='${exec_prefix}/libexec'
localedir='${datarootdir}/locale'
localstatedir='${prefix}/var'
mandir='${datarootdir}/man'
mkdir_p='/bin/mkdir -p'
oldincludedir='/usr/include'
pdfdir='${docdir}'
pkgpyexecdir='${pyexecdir}/librabbitmq'
pkgpythondir='${pythondir}/librabbitmq'
prefix='/home/plagueis/install_afmysql'
program_transform_name='s,x,x,'
psdir='${docdir}'
pyexecdir='${exec_prefix}/lib/python2.7/site-packages'
pythondir='${prefix}/lib/python2.7/site-packages'
sbindir='${exec_prefix}/sbin'
sharedstatedir='${prefix}/com'
sysconfdir='${prefix}/etc'
target_alias=''

## ----------- ##
## confdefs.h. ##
## ----------- ##

/* confdefs.h */
#define PACKAGE_NAME "rabbitmq-c"
#define PACKAGE_TARNAME "librabbitmq"
#define PACKAGE_VERSION "0.2.0"
#define PACKAGE_STRING "rabbitmq-c 0.2.0"
#define PACKAGE_BUGREPORT "https://github.com/alanxz/rabbitmq-c/issues"
#define PACKAGE_URL "http://www.rabbitmq.com/"
#define PACKAGE "librabbitmq"
#define VERSION "0.2.0"
#define STDC_HEADERS 1
#define HAVE_SYS_TYPES_H 1
#define HAVE_SYS_STAT_H 1
#define HAVE_STDLIB_H 1
#define HAVE_STRING_H 1
#define HAVE_MEMORY_H 1
#define HAVE_STRINGS_H 1
#define HAVE_INTTYPES_H 1
#define HAVE_STDINT_H 1
#define HAVE_UNISTD_H 1
#define __EXTENSIONS__ 1
#define _ALL_SOURCE 1
#define _GNU_SOURCE 1
#define _POSIX_PTHREAD_SEMANTICS 1
#define _TANDEM_SOURCE 1
#define HAVE_DLFCN_H 1
#define LT_OBJDIR ".libs/"

configure: exit 0
